<?xml version="1.0" encoding="UTF-8"?>
<testsuite name="com.chinthakad.samples.fmt.HttpServerVerticleIntegrationTest" tests="1" skipped="0" failures="0" errors="0" timestamp="2020-02-29T13:17:02" hostname="wtlchdharmasiri" time="5.796">
  <properties/>
  <testcase name="testGetAccounts(VertxTestContext)" classname="com.chinthakad.samples.fmt.HttpServerVerticleIntegrationTest" time="5.796"/>
  <system-out><![CDATA[port:==8080
08:17:02.735 [vert.x-eventloop-thread-2] INFO  c.c.s.fmt.api.HttpServerVerticle - HTTP server running on port 8080
08:17:02.738 [vert.x-eventloop-thread-2] INFO  c.c.s.fmt.api.HttpServerVerticle - === VERTICLE DEPLOYED : HttpServerVerticle
08:17:02.740 [vert.x-eventloop-thread-3] INFO  c.c.s.f.JdbcClientVerticleIntegrationTest - register mock consumer for queue.svc.account Queue
08:17:02.744 [vert.x-eventloop-thread-3] INFO  c.c.s.f.JdbcClientVerticleIntegrationTest - preparation successfully
08:17:07.891 [vert.x-eventloop-thread-2] INFO  c.c.s.fmt.api.AccountApiHandler - ===================== Account API
]]></system-out>
  <system-err><![CDATA[Feb 29, 2020 8:17:02 AM io.vertx.config.impl.ConfigRetrieverImpl
INFO: Config file path: /var/folders/x1/gnqqjhzj3bd1qpjlw07vvr_00000gn/T/vertx-cache/file-cache-3ad33839-52f9-4fc3-95cf-de7b05ad91a2/conf/config.json, format:json
Feb 29, 2020 8:17:05 AM io.vertx.core.impl.BlockedThreadChecker
WARNING: Thread Thread[vert.x-eventloop-thread-3,5,main]=Thread[vert.x-eventloop-thread-3,5,main] has been blocked for 2469 ms, time limit is 2000 ms
Feb 29, 2020 8:17:06 AM io.vertx.core.impl.BlockedThreadChecker
WARNING: Thread Thread[vert.x-eventloop-thread-3,5,main]=Thread[vert.x-eventloop-thread-3,5,main] has been blocked for 3473 ms, time limit is 2000 ms
Feb 29, 2020 8:17:07 AM io.vertx.core.impl.BlockedThreadChecker
WARNING: Thread Thread[vert.x-eventloop-thread-3,5,main]=Thread[vert.x-eventloop-thread-3,5,main] has been blocked for 4478 ms, time limit is 2000 ms
]]></system-err>
</testsuite>
